#
# A fatal error has been detected by the Java Runtime Environment:
#
#  SIGSEGV (0xb) at pc=0x00007fdf1da0466b, pid=7302, tid=140596124329728
#
# JRE version: 6.0_23-b23
# Java VM: OpenJDK 64-Bit Server VM (20.0-b11 mixed mode linux-amd64 compressed oops)
# Derivative: IcedTea6 1.11pre
# Distribution: Ubuntu 11.10, package 6b23~pre11-0ubuntu1.11.10.2
# Problematic frame:
# V  [libjvm.so+0x76a66b]  UNICODE::utf8_length(unsigned short*, int)+0x1b
#
# If you would like to submit a bug report, please include
# instructions how to reproduce the bug and visit:
#   https://bugs.launchpad.net/ubuntu/+source/openjdk-6/
#

---------------  T H R E A D  ---------------

Current thread (0x0000000002056000):  JavaThread "JDWP Transport Listener: dt_socket" daemon [_thread_in_vm, id=7322, stack(0x00007fdf15fc2000,0x00007fdf160c3000)]

siginfo:si_signo=SIGSEGV: si_errno=0, si_code=1 (SEGV_MAPERR), si_addr=0x0000000000000010

Registers:
RAX=0x0000000000000000, RBX=0x00000000021ebb48, RCX=0x0000000000000014, RDX=0x0000000000000000
RSP=0x00007fdf160c19c0, RBP=0x00007fdf160c19c0, RSI=0x0000000000000008, RDI=0x0000000000000010
R8 =0x0000000000000000, R9 =0x0101010101010101, R10=0x0000000000000020, R11=0x00007fdf1e0ffcfa
R12=0x00000000e11831f0, R13=0x00007fdf1c4b1e80, R14=0x0000000000000000, R15=0x0000000000000001
RIP=0x00007fdf1da0466b, EFLAGS=0x0000000000010246, CSGSFS=0x3f07000000000033, ERR=0x0000000000000004
  TRAPNO=0x000000000000000e

Top of Stack: (sp=0x00007fdf160c19c0)
0x00007fdf160c19c0:   00007fdf160c1a40 00007fdf1d75835a
0x00007fdf160c19d0:   0000000002056000 0000000000000000
0x00007fdf160c19e0:   00000000020561d0 00007fdf1c4b1e80
0x00007fdf160c19f0:   0000000002056000 00007fdf1c29dfa2
0x00007fdf160c1a00:   0000000002056000 0000000002056000
0x00007fdf160c1a10:   00007fdf160c1a40 00000000020561d0
0x00007fdf160c1a20:   00000000021ebb48 00007fdf1c4b1e80
0x00007fdf160c1a30:   00007fdf160c1b00 0000000000000001
0x00007fdf160c1a40:   00007fdf160c1a80 00007fdf1c27feb2
0x00007fdf160c1a50:   0000000000000001 000000000000000a
0x00007fdf160c1a60:   0000000000000001 0000000000000000
0x00007fdf160c1a70:   000000000000000a 0000000000000001
0x00007fdf160c1a80:   00007fdf160c1cc0 00007fdf1c288620
0x00007fdf160c1a90:   00000c4800000013 0000000002010a00
0x00007fdf160c1aa0:   00007fdf100e1dc0 00007fdf1d802204
0x00007fdf160c1ab0:   00007fdf100e1dc8 000000000000000b
0x00007fdf160c1ac0:   00000c4800000013 0000000002010a00
0x00007fdf160c1ad0:   00007fdf100e1dc0 00000000020d4760
0x00007fdf160c1ae0:   00000c4800000013 0000000002010a00
0x00007fdf160c1af0:   00007fdf100e1dc0 00007fdf1e82f0e6
0x00007fdf160c1b00:   00007fdf160c1b50 000000000000012c
0x00007fdf160c1b10:   00007fdf160c1b18 0000000000000000
0x00007fdf160c1b20:   00007fdf160c1b50 0000000000000000
0x00007fdf160c1b30:   0000000000000000 00000c4800000014
0x00007fdf160c1b40:   0000000000000080 00007fdf160c1b50
0x00007fdf160c1b50:   0000000000000001 00000001312d642c
0x00007fdf160c1b60:   0000002c00000000 000000d001070200
0x00007fdf160c1b70:   0000001100000000 00000101000d0000
0x00007fdf160c1b80:   0000290000000000 0000e0480d020000
0x00007fdf160c1b90:   0000080000000000 000102000d000000
0x00007fdf160c1ba0:   0035000000000000 00d8925902000000
0x00007fdf160c1bb0:   0006000000000000 0103000d00000000 

Instructions: (pc=0x00007fdf1da0466b)
0x00007fdf1da0464b:   03 5d c3 66 90 55 31 c0 85 f6 48 89 e5 7e 38 31
0x00007fdf1da0465b:   d2 eb 0d 66 90 48 83 c2 01 83 c0 01 39 d6 7e 27
0x00007fdf1da0466b:   0f b7 0c 57 44 8d 41 ff 66 41 83 f8 7e 76 e6 44
0x00007fdf1da0467b:   8d 40 02 83 c0 03 66 81 f9 ff 07 41 0f 46 c0 48 

Register to memory mapping:

RAX=0x0000000000000000 is an unknown value
RBX=0x00000000021ebb48 is a global jni handle
RCX=0x0000000000000014 is an unknown value
RDX=0x0000000000000000 is an unknown value
RSP=0x00007fdf160c19c0 is pointing into the stack for thread: 0x0000000002056000
RBP=0x00007fdf160c19c0 is pointing into the stack for thread: 0x0000000002056000
RSI=0x0000000000000008 is an unknown value
RDI=0x0000000000000010 is an unknown value
R8 =0x0000000000000000 is an unknown value
R9 =0x0101010101010101 is an unknown value
R10=0x0000000000000020 is an unknown value
R11=0x00007fdf1e0ffcfa: <offset 0x86cfa> in /lib/x86_64-linux-gnu/libc.so.6 at 0x00007fdf1e079000
R12=0x00000000e11831f0 is an oop
java.lang.String 
 - klass: 'java/lang/String'
R13=0x00007fdf1c4b1e80: <offset 0x23ae80> in /usr/lib/jvm/java-6-openjdk/jre/lib/amd64/libjdwp.so at 0x00007fdf1c277000
R14=0x0000000000000000 is an unknown value
R15=0x0000000000000001 is an unknown value


Stack: [0x00007fdf15fc2000,0x00007fdf160c3000],  sp=0x00007fdf160c19c0,  free space=1022k
Native frames: (J=compiled Java code, j=interpreted, Vv=VM code, C=native code)
V  [libjvm.so+0x76a66b]  UNICODE::utf8_length(unsigned short*, int)+0x1b
V  [libjvm.so+0x4be35a]  jni_GetStringUTFChars+0x8a
C  [libjdwp.so+0x8eb2]  __strcat_chk+0x8eb2
C  [libjdwp.so+0x11620]  Agent_OnLoad+0x28f0
C  [libjdwp.so+0x236fe]  Agent_OnLoad+0x149ce
V  [libjvm.so+0x564ec7]  JvmtiAgentThread::call_start_function()+0x97
V  [libjvm.so+0x74bca8]  JavaThread::thread_main_inner()+0x58
V  [libjvm.so+0x64bc22]  java_start(Thread*)+0x112


---------------  P R O C E S S  ---------------

Java Threads: ( => current thread )
  0x00007fdf101be000 JavaThread "Thread-1" [_thread_blocked, id=7355, stack(0x00007fdf0ecba000,0x00007fdf0edbb000)]
  0x00007fdf10392000 JavaThread "TimerQueue" daemon [_thread_blocked, id=7350, stack(0x00007fdf0ee41000,0x00007fdf0ef42000)]
  0x00007fdf10154800 JavaThread "DestroyJavaVM" [_thread_blocked, id=7307, stack(0x00007fdf1eb41000,0x00007fdf1ec42000)]
  0x00007fdf10153800 JavaThread "AWT-EventQueue-0" [_thread_blocked, id=7345, stack(0x00007fdf0f462000,0x00007fdf0f563000)]
  0x00007fdf10150000 JavaThread "AWT-Shutdown" [_thread_blocked, id=7344, stack(0x00007fdf0f563000,0x00007fdf0f664000)]
  0x00007fdf10138000 JavaThread "AWT-XAWT" daemon [_thread_in_native, id=7339, stack(0x00007fdf0f664000,0x00007fdf0f765000)]
  0x00007fdf1009c000 JavaThread "Java2D Disposer" daemon [_thread_blocked, id=7336, stack(0x00007fdf0fc67000,0x00007fdf0fd68000)]
  0x00007fdf10004000 JavaThread "Low Memory Detector" daemon [_thread_blocked, id=7332, stack(0x00007fdf15abd000,0x00007fdf15bbe000)]
  0x00007fdf10001800 JavaThread "C2 CompilerThread1" daemon [_thread_blocked, id=7331, stack(0x00007fdf15bbe000,0x00007fdf15cbf000)]
  0x000000000206a800 JavaThread "C2 CompilerThread0" daemon [_thread_blocked, id=7330, stack(0x00007fdf15cbf000,0x00007fdf15dc0000)]
  0x000000000205c000 JavaThread "JDWP Command Reader" daemon [_thread_in_native, id=7326, stack(0x00007fdf15dc0000,0x00007fdf15ec1000)]
  0x000000000205a000 JavaThread "JDWP Event Helper Thread" daemon [_thread_blocked, id=7324, stack(0x00007fdf15ec1000,0x00007fdf15fc2000)]
=>0x0000000002056000 JavaThread "JDWP Transport Listener: dt_socket" daemon [_thread_in_vm, id=7322, stack(0x00007fdf15fc2000,0x00007fdf160c3000)]
  0x000000000203e000 JavaThread "Signal Dispatcher" daemon [_thread_blocked, id=7320, stack(0x00007fdf162c8000,0x00007fdf163c9000)]
  0x000000000202c800 JavaThread "Finalizer" daemon [_thread_blocked, id=7319, stack(0x00007fdf163c9000,0x00007fdf164ca000)]
  0x0000000002025000 JavaThread "Reference Handler" daemon [_thread_blocked, id=7318, stack(0x00007fdf164ca000,0x00007fdf165cb000)]

Other Threads:
  0x000000000201e000 VMThread [stack: 0x00007fdf165cb000,0x00007fdf166cc000] [id=7317]
  0x00007fdf1000e800 WatcherThread [stack: 0x00007fdf159bc000,0x00007fdf15abd000] [id=7333]

VM state:not at safepoint (normal execution)

VM Mutex/Monitor currently owned by a thread: None

Heap
 PSYoungGen      total 27840K, used 13036K [0x00000000e0eb0000, 0x00000000e2dc0000, 0x0000000100000000)
  eden space 23872K, 38% used [0x00000000e0eb0000,0x00000000e178e220,0x00000000e2600000)
  from space 3968K, 99% used [0x00000000e2600000,0x00000000e29dcfb0,0x00000000e29e0000)
  to   space 3968K, 0% used [0x00000000e29e0000,0x00000000e29e0000,0x00000000e2dc0000)
 PSOldGen        total 63616K, used 56K [0x00000000a2c00000, 0x00000000a6a20000, 0x00000000e0eb0000)
  object space 63616K, 0% used [0x00000000a2c00000,0x00000000a2c0e000,0x00000000a6a20000)
 PSPermGen       total 21248K, used 19002K [0x0000000098600000, 0x0000000099ac0000, 0x00000000a2c00000)
  object space 21248K, 89% used [0x0000000098600000,0x000000009988e998,0x0000000099ac0000)

Code Cache  [0x00007fdf17f4b000, 0x00007fdf181bb000, 0x00007fdf1af4b000)
 total_blobs=645 nmethods=170 adapters=437 free_code_cache=49428288 largest_free_block=8192

Dynamic libraries:
00400000-00409000 r-xp 00000000 07:00 931190                             /usr/lib/jvm/java-6-openjdk/jre/bin/java
00608000-00609000 r--p 00008000 07:00 931190                             /usr/lib/jvm/java-6-openjdk/jre/bin/java
00609000-0060a000 rw-p 00009000 07:00 931190                             /usr/lib/jvm/java-6-openjdk/jre/bin/java
01fa2000-0264a000 rw-p 00000000 00:00 0                                  [heap]
98600000-99ac0000 rw-p 00000000 00:00 0 
99ac0000-a2c00000 rw-p 00000000 00:00 0 
a2c00000-a6a20000 rw-p 00000000 00:00 0 
a6a20000-e0eb0000 rw-p 00000000 00:00 0 
e0eb0000-e2dc0000 rw-p 00000000 00:00 0 
e2dc0000-100000000 rw-p 00000000 00:00 0 
7fdf0ebdb000-7fdf0ec80000 rw-s 00000000 00:04 15892486                   /SYSV00000000 (deleted)
7fdf0ecba000-7fdf0ecbd000 ---p 00000000 00:00 0 
7fdf0ecbd000-7fdf0ee41000 rw-p 00000000 00:00 0 
7fdf0ee41000-7fdf0ee44000 ---p 00000000 00:00 0 
7fdf0ee44000-7fdf0ef42000 rw-p 00000000 00:00 0 
7fdf0ef42000-7fdf0ef4a000 r-xp 00000000 07:00 931210                     /usr/lib/jvm/java-6-openjdk/jre/lib/amd64/libnio.so
7fdf0ef4a000-7fdf0f149000 ---p 00008000 07:00 931210                     /usr/lib/jvm/java-6-openjdk/jre/lib/amd64/libnio.so
7fdf0f149000-7fdf0f14a000 r--p 00007000 07:00 931210                     /usr/lib/jvm/java-6-openjdk/jre/lib/amd64/libnio.so
7fdf0f14a000-7fdf0f14b000 rw-p 00008000 07:00 931210                     /usr/lib/jvm/java-6-openjdk/jre/lib/amd64/libnio.so
7fdf0f14b000-7fdf0f160000 r-xp 00000000 07:00 936799                     /usr/lib/jvm/java-6-openjdk/jre/lib/amd64/libnet.so
7fdf0f160000-7fdf0f35f000 ---p 00015000 07:00 936799                     /usr/lib/jvm/java-6-openjdk/jre/lib/amd64/libnet.so
7fdf0f35f000-7fdf0f360000 r--p 00014000 07:00 936799                     /usr/lib/jvm/java-6-openjdk/jre/lib/amd64/libnet.so
7fdf0f360000-7fdf0f361000 rw-p 00015000 07:00 936799                     /usr/lib/jvm/java-6-openjdk/jre/lib/amd64/libnet.so
7fdf0f361000-7fdf0f364000 ---p 00000000 00:00 0 
7fdf0f364000-7fdf0f462000 rw-p 00000000 00:00 0 
7fdf0f462000-7fdf0f465000 ---p 00000000 00:00 0 
7fdf0f465000-7fdf0f563000 rw-p 00000000 00:00 0 
7fdf0f563000-7fdf0f566000 ---p 00000000 00:00 0 
7fdf0f566000-7fdf0f664000 rw-p 00000000 00:00 0 
7fdf0f664000-7fdf0f667000 ---p 00000000 00:00 0 
7fdf0f667000-7fdf0f765000 rw-p 00000000 00:00 0 
7fdf0f765000-7fdf0f766000 r--s 00000000 07:00 404533                     /var/cache/fontconfig/c05880de57d1f5e948fdfacc138775d9-le64.cache-3
7fdf0f766000-7fdf0f76f000 r--s 00000000 07:00 404530                     /var/cache/fontconfig/945677eb7aeaf62f1d50efc3fb3ec7d8-le64.cache-3
7fdf0f76f000-7fdf0f771000 r--s 00000000 07:00 404531                     /var/cache/fontconfig/99e8ed0e538f840c565b6ed5dad60d56-le64.cache-3
7fdf0f771000-7fdf0f774000 r--s 00000000 07:00 404541                     /var/cache/fontconfig/e383d7ea5fbe662a33d9b44caf393297-le64.cache-3
7fdf0f774000-7fdf0f778000 r--s 00000000 07:00 404518                     /var/cache/fontconfig/2cd17615ca594fa2959ae173292e504c-le64.cache-3
7fdf0f778000-7fdf0f77a000 r--s 00000000 07:00 419125                     /var/cache/fontconfig/e3fa16a14183b06aa45b3e009278fd14-le64.cache-3
7fdf0f77a000-7fdf0f77b000 r--s 00000000 07:00 404542                     /var/cache/fontconfig/e7071f4a29fa870f4323321c154eba04-le64.cache-3
7fdf0f77b000-7fdf0f77e000 r--s 00000000 07:00 409693                     /var/cache/fontconfig/b5ea634b0fb353b8ea17632d1f9ef766-le64.cache-3
7fdf0f77e000-7fdf0f783000 r--s 00000000 07:00 404527                     /var/cache/fontconfig/6eb3985aa4124903f6ff08ba781cd364-le64.cache-3
7fdf0f783000-7fdf0f784000 r--s 00000000 07:00 404522                     /var/cache/fontconfig/4c73fe0c47614734b17d736dbde7580a-le64.cache-3
7fdf0f784000-7fdf0f785000 r--s 00000000 07:00 404515                     /var/cache/fontconfig/0d8c3b2ac0904cb8a57a757ad11a4a08-le64.cache-3
7fdf0f785000-7fdf0f786000 r--s 00000000 07:00 404525                     /var/cache/fontconfig/6a53c69dea097a2d716e069445527da8-le64.cache-3
7fdf0f786000-7fdf0f78c000 r--s 00000000 07:00 404532                     /var/cache/fontconfig/a755afe4a08bf5b97852ceb7400b47bc-le64.cache-3
7fdf0f78c000-7fdf0f78d000 r--s 00000000 07:00 419123                     /var/cache/fontconfig/79517df041c92e3f2b4a9700e7dbe3c7-le64.cache-3
7fdf0f78d000-7fdf0f78e000 r--s 00000000 07:00 419121                     /var/cache/fontconfig/4abdb2dd99886b2b2d3168a6b22d0473-le64.cache-3
7fdf0f78e000-7fdf0f78f000 r--s 00000000 07:00 419119                     /var/cache/fontconfig/b9af901c4f3947128be824d599af5f25-le64.cache-3
7fdf0f78f000-7fdf0f790000 r--s 00000000 07:00 419117                     /var/cache/fontconfig/a18183678af55fd6535fa2d00e080189-le64.cache-3
7fdf0f790000-7fdf0f792000 r--s 00000000 07:00 419115                     /var/cache/fontconfig/90e84e89a4382a8db77728561d41356d-le64.cache-3
7fdf0f792000-7fdf0f793000 r--s 00000000 07:00 419113                     /var/cache/fontconfig/b73ae53b2eee308c3d7feb99ac2d34cd-le64.cache-3
7fdf0f793000-7fdf0f794000 r--s 00000000 07:00 419111                     /var/cache/fontconfig/407fd690308a0b04640307de6deab6da-le64.cache-3
7fdf0f794000-7fdf0f796000 r--s 00000000 07:00 419109                     /var/cache/fontconfig/8039e78ad04dad2b193eec8c5f90bc4d-le64.cache-3
7fdf0f796000-7fdf0f797000 r--s 00000000 07:00 419106                     /var/cache/fontconfig/27f6fa40476fb33ad65cb210c133a216-le64.cache-3
7fdf0f797000-7fdf0f798000 r--s 00000000 07:00 419104                     /var/cache/fontconfig/98d684ad3abba16030bd60992dc9c5d7-le64.cache-3
7fdf0f798000-7fdf0f79a000 r--s 00000000 07:00 409691                     /var/cache/fontconfig/9123b38b1c36356a690c2f0bc4cbf728-le64.cache-3
7fdf0f79a000-7fdf0f7a3000 r--s 00000000 07:00 399578                     /var/cache/fontconfig/6d41288fd70b0be22e8c3a91e032eec0-le64.cache-3
7fdf0f7a3000-7fdf0f7b3000 r--s 00000000 07:00 404516                     /var/cache/fontconfig/0f34bcd4b6ee430af32735b75db7f02b-le64.cache-3
7fdf0f7b3000-7fdf0f7b6000 r--s 00000000 07:00 404538                     /var/cache/fontconfig/d60319d88cac85ba9e1a07bd06cfbb8c-le64.cache-3
7fdf0f7b6000-7fdf0f7b7000 r--s 00000000 07:00 394558                     /var/cache/fontconfig/4794a0821666d79190d59a36cb4f44b5-le64.cache-3
7fdf0f7b7000-7fdf0f7e5000 r--s 00000000 07:00 405510                     /var/cache/fontconfig/365b55f210c0a22e9a19e35191240f32-le64.cache-3
7fdf0f7e5000-7fdf0f7f5000 r--s 00000000 07:00 404537                     /var/cache/fontconfig/d52a8644073d54c13679302ca1180695-le64.cache-3
7fdf0f7f5000-7fdf0f807000 r--s 00000000 07:00 419099                     /var/cache/fontconfig/e13b20fdb08344e0e664864cc2ede53d-le64.cache-3
7fdf0f839000-7fdf0f83e000 r-xp 00000000 07:00 399282                     /usr/lib/x86_64-linux-gnu/libXfixes.so.3.1.0
7fdf0f83e000-7fdf0fa3d000 ---p 00005000 07:00 399282                     /usr/lib/x86_64-linux-gnu/libXfixes.so.3.1.0
7fdf0fa3d000-7fdf0fa3e000 r--p 00004000 07:00 399282                     /usr/lib/x86_64-linux-gnu/libXfixes.so.3.1.0
7fdf0fa3e000-7fdf0fa3f000 rw-p 00005000 07:00 399282                     /usr/lib/x86_64-linux-gnu/libXfixes.so.3.1.0
7fdf0fa3f000-7fdf0fa48000 r-xp 00000000 07:00 399274                     /usr/lib/x86_64-linux-gnu/libXcursor.so.1.0.2
7fdf0fa48000-7fdf0fc47000 ---p 00009000 07:00 399274                     /usr/lib/x86_64-linux-gnu/libXcursor.so.1.0.2
7fdf0fc47000-7fdf0fc48000 r--p 00008000 07:00 399274                     /usr/lib/x86_64-linux-gnu/libXcursor.so.1.0.2
7fdf0fc48000-7fdf0fc49000 rw-p 00009000 07:00 399274                     /usr/lib/x86_64-linux-gnu/libXcursor.so.1.0.2
7fdf0fc5d000-7fdf0fc60000 r--s 0007d000 07:00 919995                     /usr/lib/jvm/java-6-openjdk/jre/lib/jsse.jar
7fdf0fc60000-7fdf0fc67000 r--s 000fb000 07:00 920239                     /usr/lib/jvm/java-6-openjdk/jre/lib/resources.jar
7fdf0fc67000-7fdf0fc6a000 ---p 00000000 00:00 0 
7fdf0fc6a000-7fdf0fd68000 rw-p 00000000 00:00 0 
7fdf0fd68000-7fdf0fdfa000 r-xp 00000000 07:00 393794                     /usr/lib/x86_64-linux-gnu/libfreetype.so.6.6.2
7fdf0fdfa000-7fdf0fff9000 ---p 00092000 07:00 393794                     /usr/lib/x86_64-linux-gnu/libfreetype.so.6.6.2
7fdf0fff9000-7fdf0ffff000 r--p 00091000 07:00 393794                     /usr/lib/x86_64-linux-gnu/libfreetype.so.6.6.2
7fdf0ffff000-7fdf10000000 rw-p 00097000 07:00 393794                     /usr/lib/x86_64-linux-gnu/libfreetype.so.6.6.2
7fdf10000000-7fdf10606000 rw-p 00000000 00:00 0 
7fdf10606000-7fdf14000000 ---p 00000000 00:00 0 
7fdf14000000-7fdf14001000 r--s 00012000 07:00 930914                     /home/alex/Documents/Programming Space/GammaMessenger/miglayout15-swing.jar
7fdf14001000-7fdf14005000 r--s 00000000 07:00 419101                     /var/cache/fontconfig/7ef2298fde41cc6eeb7af42e48b7d293-le64.cache-3
7fdf14005000-7fdf1400d000 r--s 00000000 07:00 418612                     /var/cache/fontconfig/b83386915dae36184c7e3985fd26e4b1-le64.cache-3
7fdf1400d000-7fdf14021000 r--s 00000000 07:00 409695                     /var/cache/fontconfig/865f88548240fee46819705c6468c165-le64.cache-3
7fdf14021000-7fdf14022000 r--s 00000000 07:00 404533                     /var/cache/fontconfig/c05880de57d1f5e948fdfacc138775d9-le64.cache-3
7fdf14022000-7fdf1402b000 r--s 00000000 07:00 404530                     /var/cache/fontconfig/945677eb7aeaf62f1d50efc3fb3ec7d8-le64.cache-3
7fdf1402b000-7fdf1402d000 r--s 00000000 07:00 404531                     /var/cache/fontconfig/99e8ed0e538f840c565b6ed5dad60d56-le64.cache-3
7fdf1402d000-7fdf14030000 r--s 00000000 07:00 404541                     /var/cache/fontconfig/e383d7ea5fbe662a33d9b44caf393297-le64.cache-3
7fdf14030000-7fdf14034000 r--s 00000000 07:00 404518                     /var/cache/fontconfig/2cd17615ca594fa2959ae173292e504c-le64.cache-3
7fdf14034000-7fdf14036000 r--s 00000000 07:00 419125                     /var/cache/fontconfig/e3fa16a14183b06aa45b3e009278fd14-le64.cache-3
7fdf14036000-7fdf14037000 r--s 00000000 07:00 404542                     /var/cache/fontconfig/e7071f4a29fa870f4323321c154eba04-le64.cache-3
7fdf14037000-7fdf1403a000 r--s 00000000 07:00 409693                     /var/cache/fontconfig/b5ea634b0fb353b8ea17632d1f9ef766-le64.cache-3
7fdf1403a000-7fdf1403f000 r--s 00000000 07:00 404527                     /var/cache/fontconfig/6eb3985aa4124903f6ff08ba781cd364-le64.cache-3
7fdf1403f000-7fdf14040000 r--s 00000000 07:00 404522                     /var/cache/fontconfig/4c73fe0c47614734b17d736dbde7580a-le64.cache-3
7fdf14040000-7fdf14041000 r--s 00000000 07:00 404515                     /var/cache/fontconfig/0d8c3b2ac0904cb8a57a757ad11a4a08-le64.cache-3
7fdf14041000-7fdf14042000 r--s 00000000 07:00 404525                     /var/cache/fontconfig/6a53c69dea097a2d716e069445527da8-le64.cache-3
7fdf14042000-7fdf14048000 r--s 00000000 07:00 404532                     /var/cache/fontconfig/a755afe4a08bf5b97852ceb7400b47bc-le64.cache-3
7fdf14048000-7fdf14049000 r--s 00000000 07:00 419123                     /var/cache/fontconfig/79517df041c92e3f2b4a9700e7dbe3c7-le64.cache-3
7fdf14049000-7fdf1404a000 r--s 00000000 07:00 419121                     /var/cache/fontconfig/4abdb2dd99886b2b2d3168a6b22d0473-le64.cache-3
7fdf1404a000-7fdf1404b000 r--s 00000000 07:00 419119                     /var/cache/fontconfig/b9af901c4f3947128be824d599af5f25-le64.cache-3
7fdf1404b000-7fdf1404c000 r--s 00000000 07:00 419117                     /var/cache/fontconfig/a18183678af55fd6535fa2d00e080189-le64.cache-3
7fdf1404c000-7fdf1404e000 r--s 00000000 07:00 419115                     /var/cache/fontconfig/90e84e89a4382a8db77728561d41356d-le64.cache-3
7fdf1404e000-7fdf1404f000 r--s 00000000 07:00 419113                     /var/cache/fontconfig/b73ae53b2eee308c3d7feb99ac2d34cd-le64.cache-3
7fdf1404f000-7fdf14050000 r--s 00000000 07:00 419111                     /var/cache/fontconfig/407fd690308a0b04640307de6deab6da-le64.cache-3
7fdf14050000-7fdf14052000 r--s 00000000 07:00 419109                     /var/cache/fontconfig/8039e78ad04dad2b193eec8c5f90bc4d-le64.cache-3
7fdf14052000-7fdf14053000 r--s 00000000 07:00 419106                     /var/cache/fontconfig/27f6fa40476fb33ad65cb210c133a216-le64.cache-3
7fdf14053000-7fdf14054000 r--s 00000000 07:00 419104                     /var/cache/fontconfig/98d684ad3abba16030bd60992dc9c5d7-le64.cache-3
7fdf14054000-7fdf14056000 r--s 00000000 07:00 409691                     /var/cache/fontconfig/9123b38b1c36356a690c2f0bc4cbf728-le64.cache-3
7fdf14056000-7fdf1405f000 r--s 00000000 07:00 399578                     /var/cache/fontconfig/6d41288fd70b0be22e8c3a91e032eec0-le64.cache-3
7fdf1405f000-7fdf1406f000 r--s 00000000 07:00 404516                     /var/cache/fontconfig/0f34bcd4b6ee430af32735b75db7f02b-le64.cache-3
7fdf1406f000-7fdf14072000 r--s 00000000 07:00 404538                     /var/cache/fontconfig/d60319d88cac85ba9e1a07bd06cfbb8c-le64.cache-3
7fdf14072000-7fdf14073000 r--s 00000000 07:00 394558                     /var/cache/fontconfig/4794a0821666d79190d59a36cb4f44b5-le64.cache-3
7fdf14073000-7fdf140a1000 r--s 00000000 07:00 405510                     /var/cache/fontconfig/365b55f210c0a22e9a19e35191240f32-le64.cache-3
7fdf140a1000-7fdf140b1000 r--s 00000000 07:00 404537                     /var/cache/fontconfig/d52a8644073d54c13679302ca1180695-le64.cache-3
7fdf140b1000-7fdf140c3000 r--s 00000000 07:00 419099                     /var/cache/fontconfig/e13b20fdb08344e0e664864cc2ede53d-le64.cache-3
7fdf140c3000-7fdf140fc000 r-xp 00000000 07:00 937731                     /usr/lib/jvm/java-6-openjdk/jre/lib/amd64/libfontmanager.so
7fdf140fc000-7fdf142fc000 ---p 00039000 07:00 937731                     /usr/lib/jvm/java-6-openjdk/jre/lib/amd64/libfontmanager.so
7fdf142fc000-7fdf142fe000 r--p 00039000 07:00 937731                     /usr/lib/jvm/java-6-openjdk/jre/lib/amd64/libfontmanager.so
7fdf142fe000-7fdf142ff000 rw-p 0003b000 07:00 937731                     /usr/lib/jvm/java-6-openjdk/jre/lib/amd64/libfontmanager.so
7fdf142ff000-7fdf14304000 r-xp 00000000 07:00 399278                     /usr/lib/x86_64-linux-gnu/libXdmcp.so.6.0.0
7fdf14304000-7fdf14503000 ---p 00005000 07:00 399278                     /usr/lib/x86_64-linux-gnu/libXdmcp.so.6.0.0
7fdf14503000-7fdf14504000 r--p 00004000 07:00 399278                     /usr/lib/x86_64-linux-gnu/libXdmcp.so.6.0.0
7fdf14504000-7fdf14505000 rw-p 00005000 07:00 399278                     /usr/lib/x86_64-linux-gnu/libXdmcp.so.6.0.0
7fdf14505000-7fdf14507000 r-xp 00000000 07:00 399270                     /usr/lib/x86_64-linux-gnu/libXau.so.6.0.0
7fdf14507000-7fdf14706000 ---p 00002000 07:00 399270                     /usr/lib/x86_64-linux-gnu/libXau.so.6.0.0
7fdf14706000-7fdf14707000 r--p 00001000 07:00 399270                     /usr/lib/x86_64-linux-gnu/libXau.so.6.0.0
7fdf14707000-7fdf14708000 rw-p 00002000 07:00 399270                     /usr/lib/x86_64-linux-gnu/libXau.so.6.0.0
7fdf14708000-7fdf14723000 r-xp 00000000 07:00 399566                     /usr/lib/x86_64-linux-gnu/libxcb.so.1.1.0
7fdf14723000-7fdf14922000 ---p 0001b000 07:00 399566                     /usr/lib/x86_64-linux-gnu/libxcb.so.1.1.0
7fdf14922000-7fdf14923000 r--p 0001a000 07:00 399566                     /usr/lib/x86_64-linux-gnu/libxcb.so.1.1.0
7fdf14923000-7fdf14924000 rw-p 0001b000 07:00 399566                     /usr/lib/x86_64-linux-gnu/libxcb.so.1.1.0
7fdf14924000-7fdf14933000 r-xp 00000000 07:00 399286                     /usr/lib/x86_64-linux-gnu/libXi.so.6.1.0
7fdf14933000-7fdf14b32000 ---p 0000f000 07:00 399286                     /usr/lib/x86_64-linux-gnu/libXi.so.6.1.0
7fdf14b32000-7fdf14b33000 r--p 0000e000 07:00 399286                     /usr/lib/x86_64-linux-gnu/libXi.so.6.1.0
7fdf14b33000-7fdf14b34000 rw-p 0000f000 07:00 399286                     /usr/lib/x86_64-linux-gnu/libXi.so.6.1.0
7fdf14b34000-7fdf14b39000 r-xp 00000000 07:00 395280                     /usr/lib/libXtst.so.6.1.0
7fdf14b39000-7fdf14d38000 ---p 00005000 07:00 395280                     /usr/lib/libXtst.so.6.1.0
7fdf14d38000-7fdf14d39000 r--p 00004000 07:00 395280                     /usr/lib/libXtst.so.6.1.0
7fdf14d39000-7fdf14d3a000 rw-p 00005000 07:00 395280                     /usr/lib/libXtst.so.6.1.0
7fdf14d3a000-7fdf14d43000 r-xp 00000000 07:00 399292                     /usr/lib/x86_64-linux-gnu/libXrender.so.1.3.0
7fdf14d43000-7fdf14f43000 ---p 00009000 07:00 399292                     /usr/lib/x86_64-linux-gnu/libXrender.so.1.3.0
7fdf14f43000-7fdf14f44000 r--p 00009000 07:00 399292                     /usr/lib/x86_64-linux-gnu/libXrender.so.1.3.0
7fdf14f44000-7fdf14f45000 rw-p 0000a000 07:00 399292                     /usr/lib/x86_64-linux-gnu/libXrender.so.1.3.0
7fdf14f45000-7fdf15078000 r-xp 00000000 07:00 399268                     /usr/lib/x86_64-linux-gnu/libX11.so.6.3.0
7fdf15078000-7fdf15278000 ---p 00133000 07:00 399268                     /usr/lib/x86_64-linux-gnu/libX11.so.6.3.0
7fdf15278000-7fdf15279000 r--p 00133000 07:00 399268                     /usr/lib/x86_64-linux-gnu/libX11.so.6.3.0
7fdf15279000-7fdf1527d000 rw-p 00134000 07:00 399268                     /usr/lib/x86_64-linux-gnu/libX11.so.6.3.0
7fdf1527d000-7fdf1528f000 r-xp 00000000 07:00 399280                     /usr/lib/x86_64-linux-gnu/libXext.so.6.4.0
7fdf1528f000-7fdf1548e000 ---p 00012000 07:00 399280                     /usr/lib/x86_64-linux-gnu/libXext.so.6.4.0
7fdf1548e000-7fdf1548f000 r--p 00011000 07:00 399280                     /usr/lib/x86_64-linux-gnu/libXext.so.6.4.0
7fdf1548f000-7fdf15490000 rw-p 00012000 07:00 399280                     /usr/lib/x86_64-linux-gnu/libXext.so.6.4.0
7fdf15490000-7fdf154db000 r-xp 00000000 07:00 919785                     /usr/lib/jvm/java-6-openjdk/jre/lib/amd64/xawt/libmawt.so
7fdf154db000-7fdf156db000 ---p 0004b000 07:00 919785                     /usr/lib/jvm/java-6-openjdk/jre/lib/amd64/xawt/libmawt.so
7fdf156db000-7fdf156dc000 r--p 0004b000 07:00 919785                     /usr/lib/jvm/java-6-openjdk/jre/lib/amd64/xawt/libmawt.so
7fdf156dc000-7fdf156df000 rw-p 0004c000 07:00 919785                     /usr/lib/jvm/java-6-openjdk/jre/lib/amd64/xawt/libmawt.so
7fdf156df000-7fdf156e0000 rw-p 00000000 00:00 0 
7fdf156e0000-7fdf1578c000 r-xp 00000000 07:00 937740                     /usr/lib/jvm/java-6-openjdk/jre/lib/amd64/libawt.so
7fdf1578c000-7fdf1598b000 ---p 000ac000 07:00 937740                     /usr/lib/jvm/java-6-openjdk/jre/lib/amd64/libawt.so
7fdf1598b000-7fdf1598c000 r--p 000ab000 07:00 937740                     /usr/lib/jvm/java-6-openjdk/jre/lib/amd64/libawt.so
7fdf1598c000-7fdf15997000 rw-p 000ac000 07:00 937740                     /usr/lib/jvm/java-6-openjdk/jre/lib/amd64/libawt.so
7fdf15997000-7fdf159bc000 rw-p 00000000 00:00 0 
7fdf159bc000-7fdf159bd000 ---p 00000000 00:00 0 
7fdf159bd000-7fdf15abd000 rw-p 00000000 00:00 0 
7fdf15abd000-7fdf15ac0000 ---p 00000000 00:00 0 
7fdf15ac0000-7fdf15bbe000 rw-p 00000000 00:00 0 
7fdf15bbe000-7fdf15bc1000 ---p 00000000 00:00 0 
7fdf15bc1000-7fdf15cbf000 rw-p 00000000 00:00 0 
7fdf15cbf000-7fdf15cc2000 ---p 00000000 00:00 0 
7fdf15cc2000-7fdf15dc0000 rw-p 00000000 00:00 0 
7fdf15dc0000-7fdf15dc3000 ---p 00000000 00:00 0 
7fdf15dc3000-7fdf15ec1000 rw-p 00000000 00:00 0 
7fdf15ec1000-7fdf15ec4000 ---p 00000000 00:00 0 
7fdf15ec4000-7fdf15fc2000 rw-p 00000000 00:00 0 
7fdf15fc2000-7fdf15fc5000 ---p 00000000 00:00 0 
7fdf15fc5000-7fdf160c3000 rw-p 00000000 00:00 0 
7fdf160c3000-7fdf160c7000 r-xp 00000000 07:00 931204                     /usr/lib/jvm/java-6-openjdk/jre/lib/amd64/libdt_socket.so
7fdf160c7000-7fdf162c6000 ---p 00004000 07:00 931204                     /usr/lib/jvm/java-6-openjdk/jre/lib/amd64/libdt_socket.so
7fdf162c6000-7fdf162c7000 r--p 00003000 07:00 931204                     /usr/lib/jvm/java-6-openjdk/jre/lib/amd64/libdt_socket.so
7fdf162c7000-7fdf162c8000 rw-p 00004000 07:00 931204                     /usr/lib/jvm/java-6-openjdk/jre/lib/amd64/libdt_socket.so
7fdf162c8000-7fdf162cb000 ---p 00000000 00:00 0 
7fdf162cb000-7fdf163c9000 rw-p 00000000 00:00 0 
7fdf163c9000-7fdf163cc000 ---p 00000000 00:00 0 
7fdf163cc000-7fdf164ca000 rw-p 00000000 00:00 0 
7fdf164ca000-7fdf164cd000 ---p 00000000 00:00 0 
7fdf164cd000-7fdf165cb000 rw-p 00000000 00:00 0 
7fdf165cb000-7fdf165cc000 ---p 00000000 00:00 0 
7fdf165cc000-7fdf17008000 rw-p 00000000 00:00 0 
7fdf17008000-7fdf17198000 r--s 037ba000 07:00 937861                     /usr/lib/jvm/java-6-openjdk/jre/lib/rt.jar
7fdf17198000-7fdf171c0000 rw-p 00000000 00:00 0 
7fdf171c0000-7fdf171c1000 ---p 00000000 00:00 0 
7fdf171c1000-7fdf172c1000 rw-p 00000000 00:00 0 
7fdf172c1000-7fdf172c2000 ---p 00000000 00:00 0 
7fdf172c2000-7fdf173c2000 rw-p 00000000 00:00 0 
7fdf173c2000-7fdf173c3000 ---p 00000000 00:00 0 
7fdf173c3000-7fdf174c3000 rw-p 00000000 00:00 0 
7fdf174c3000-7fdf174c4000 ---p 00000000 00:00 0 
7fdf174c4000-7fdf175c4000 rw-p 00000000 00:00 0 
7fdf175c4000-7fdf175c5000 ---p 00000000 00:00 0 
7fdf175c5000-7fdf176c5000 rw-p 00000000 00:00 0 
7fdf176c5000-7fdf176c6000 ---p 00000000 00:00 0 
7fdf176c6000-7fdf177c6000 rw-p 00000000 00:00 0 
7fdf177c6000-7fdf177c7000 ---p 00000000 00:00 0 
7fdf177c7000-7fdf178c7000 rw-p 00000000 00:00 0 
7fdf178c7000-7fdf178c8000 ---p 00000000 00:00 0 
7fdf178c8000-7fdf179d3000 rw-p 00000000 00:00 0 
7fdf179d3000-7fdf17a1b000 rw-p 00000000 00:00 0 
7fdf17a1b000-7fdf17a3b000 rw-p 00000000 00:00 0 
7fdf17a3b000-7fdf17c0d000 rw-p 00000000 00:00 0 
7fdf17c0d000-7fdf17c18000 rw-p 00000000 00:00 0 
7fdf17c18000-7fdf17c60000 rw-p 00000000 00:00 0 
7fdf17c60000-7fdf17c80000 rw-p 00000000 00:00 0 
7fdf17c80000-7fdf17e51000 rw-p 00000000 00:00 0 
7fdf17e51000-7fdf17e61000 rw-p 00000000 00:00 0 
7fdf17e61000-7fdf17f4a000 rw-p 00000000 00:00 0 
7fdf17f4a000-7fdf17f4b000 rw-p 00000000 00:00 0 
7fdf17f4b000-7fdf181bb000 rwxp 00000000 00:00 0 
7fdf181bb000-7fdf1af4b000 rw-p 00000000 00:00 0 
7fdf1af4b000-7fdf1af52000 r-xp 00000000 07:00 937735                     /usr/lib/jvm/java-6-openjdk/jre/lib/amd64/libzip.so
7fdf1af52000-7fdf1b151000 ---p 00007000 07:00 937735                     /usr/lib/jvm/java-6-openjdk/jre/lib/amd64/libzip.so
7fdf1b151000-7fdf1b152000 r--p 00006000 07:00 937735                     /usr/lib/jvm/java-6-openjdk/jre/lib/amd64/libzip.so
7fdf1b152000-7fdf1b153000 rw-p 00007000 07:00 937735                     /usr/lib/jvm/java-6-openjdk/jre/lib/amd64/libzip.so
7fdf1b153000-7fdf1b15f000 r-xp 00000000 07:00 261775                     /lib/x86_64-linux-gnu/libnss_files-2.13.so
7fdf1b15f000-7fdf1b35e000 ---p 0000c000 07:00 261775                     /lib/x86_64-linux-gnu/libnss_files-2.13.so
7fdf1b35e000-7fdf1b35f000 r--p 0000b000 07:00 261775                     /lib/x86_64-linux-gnu/libnss_files-2.13.so
7fdf1b35f000-7fdf1b360000 rw-p 0000c000 07:00 261775                     /lib/x86_64-linux-gnu/libnss_files-2.13.so
7fdf1b360000-7fdf1b36a000 r-xp 00000000 07:00 265755                     /lib/x86_64-linux-gnu/libnss_nis-2.13.so
7fdf1b36a000-7fdf1b56a000 ---p 0000a000 07:00 265755                     /lib/x86_64-linux-gnu/libnss_nis-2.13.so
7fdf1b56a000-7fdf1b56b000 r--p 0000a000 07:00 265755                     /lib/x86_64-linux-gnu/libnss_nis-2.13.so
7fdf1b56b000-7fdf1b56c000 rw-p 0000b000 07:00 265755                     /lib/x86_64-linux-gnu/libnss_nis-2.13.so
7fdf1b56c000-7fdf1b583000 r-xp 00000000 07:00 261772                     /lib/x86_64-linux-gnu/libnsl-2.13.so
7fdf1b583000-7fdf1b782000 ---p 00017000 07:00 261772                     /lib/x86_64-linux-gnu/libnsl-2.13.so
7fdf1b782000-7fdf1b783000 r--p 00016000 07:00 261772                     /lib/x86_64-linux-gnu/libnsl-2.13.so
7fdf1b783000-7fdf1b784000 rw-p 00017000 07:00 261772                     /lib/x86_64-linux-gnu/libnsl-2.13.so
7fdf1b784000-7fdf1b786000 rw-p 00000000 00:00 0 
7fdf1b786000-7fdf1b78e000 r-xp 00000000 07:00 261773                     /lib/x86_64-linux-gnu/libnss_compat-2.13.so
7fdf1b78e000-7fdf1b98d000 ---p 00008000 07:00 261773                     /lib/x86_64-linux-gnu/libnss_compat-2.13.so
7fdf1b98d000-7fdf1b98e000 r--p 00007000 07:00 261773                     /lib/x86_64-linux-gnu/libnss_compat-2.13.so
7fdf1b98e000-7fdf1b98f000 rw-p 00008000 07:00 261773                     /lib/x86_64-linux-gnu/libnss_compat-2.13.so
7fdf1b98f000-7fdf1c073000 r--p 00000000 07:00 397431                     /usr/lib/locale/locale-archive
7fdf1c073000-7fdf1c076000 r-xp 00000000 07:00 937727                     /usr/lib/jvm/java-6-openjdk/jre/lib/amd64/libnpt.so
7fdf1c076000-7fdf1c275000 ---p 00003000 07:00 937727                     /usr/lib/jvm/java-6-openjdk/jre/lib/amd64/libnpt.so
7fdf1c275000-7fdf1c276000 r--p 00002000 07:00 937727                     /usr/lib/jvm/java-6-openjdk/jre/lib/amd64/libnpt.so
7fdf1c276000-7fdf1c277000 rw-p 00003000 07:00 937727                     /usr/lib/jvm/java-6-openjdk/jre/lib/amd64/libnpt.so
7fdf1c277000-7fdf1c2b1000 r-xp 00000000 07:00 937726                     /usr/lib/jvm/java-6-openjdk/jre/lib/amd64/libjdwp.so
7fdf1c2b1000-7fdf1c4b0000 ---p 0003a000 07:00 937726                     /usr/lib/jvm/java-6-openjdk/jre/lib/amd64/libjdwp.so
7fdf1c4b0000-7fdf1c4b1000 r--p 00039000 07:00 937726                     /usr/lib/jvm/java-6-openjdk/jre/lib/amd64/libjdwp.so
7fdf1c4b1000-7fdf1c4b2000 rw-p 0003a000 07:00 937726                     /usr/lib/jvm/java-6-openjdk/jre/lib/amd64/libjdwp.so
7fdf1c4b2000-7fdf1c4de000 r-xp 00000000 07:00 937734                     /usr/lib/jvm/java-6-openjdk/jre/lib/amd64/libjava.so
7fdf1c4de000-7fdf1c6dd000 ---p 0002c000 07:00 937734                     /usr/lib/jvm/java-6-openjdk/jre/lib/amd64/libjava.so
7fdf1c6dd000-7fdf1c6de000 r--p 0002b000 07:00 937734                     /usr/lib/jvm/java-6-openjdk/jre/lib/amd64/libjava.so
7fdf1c6de000-7fdf1c6e1000 rw-p 0002c000 07:00 937734                     /usr/lib/jvm/java-6-openjdk/jre/lib/amd64/libjava.so
7fdf1c6e1000-7fdf1c6ef000 r-xp 00000000 07:00 931744                     /usr/lib/jvm/java-6-openjdk/jre/lib/amd64/libverify.so
7fdf1c6ef000-7fdf1c8ee000 ---p 0000e000 07:00 931744                     /usr/lib/jvm/java-6-openjdk/jre/lib/amd64/libverify.so
7fdf1c8ee000-7fdf1c8f0000 r--p 0000d000 07:00 931744                     /usr/lib/jvm/java-6-openjdk/jre/lib/amd64/libverify.so
7fdf1c8f0000-7fdf1c8f1000 rw-p 0000f000 07:00 931744                     /usr/lib/jvm/java-6-openjdk/jre/lib/amd64/libverify.so
7fdf1c8f1000-7fdf1c8f8000 r-xp 00000000 07:00 266281                     /lib/x86_64-linux-gnu/librt-2.13.so
7fdf1c8f8000-7fdf1caf7000 ---p 00007000 07:00 266281                     /lib/x86_64-linux-gnu/librt-2.13.so
7fdf1caf7000-7fdf1caf8000 r--p 00006000 07:00 266281                     /lib/x86_64-linux-gnu/librt-2.13.so
7fdf1caf8000-7fdf1caf9000 rw-p 00007000 07:00 266281                     /lib/x86_64-linux-gnu/librt-2.13.so
7fdf1caf9000-7fdf1cb0e000 r-xp 00000000 07:00 265726                     /lib/x86_64-linux-gnu/libgcc_s.so.1
7fdf1cb0e000-7fdf1cd0d000 ---p 00015000 07:00 265726                     /lib/x86_64-linux-gnu/libgcc_s.so.1
7fdf1cd0d000-7fdf1cd0e000 r--p 00014000 07:00 265726                     /lib/x86_64-linux-gnu/libgcc_s.so.1
7fdf1cd0e000-7fdf1cd0f000 rw-p 00015000 07:00 265726                     /lib/x86_64-linux-gnu/libgcc_s.so.1
7fdf1cd0f000-7fdf1cd92000 r-xp 00000000 07:00 261770                     /lib/x86_64-linux-gnu/libm-2.13.so
7fdf1cd92000-7fdf1cf91000 ---p 00083000 07:00 261770                     /lib/x86_64-linux-gnu/libm-2.13.so
7fdf1cf91000-7fdf1cf92000 r--p 00082000 07:00 261770                     /lib/x86_64-linux-gnu/libm-2.13.so
7fdf1cf92000-7fdf1cf93000 rw-p 00083000 07:00 261770                     /lib/x86_64-linux-gnu/libm-2.13.so
7fdf1cf93000-7fdf1d07b000 r-xp 00000000 07:00 399533                     /usr/lib/x86_64-linux-gnu/libstdc++.so.6.0.16
7fdf1d07b000-7fdf1d27b000 ---p 000e8000 07:00 399533                     /usr/lib/x86_64-linux-gnu/libstdc++.so.6.0.16
7fdf1d27b000-7fdf1d283000 r--p 000e8000 07:00 399533                     /usr/lib/x86_64-linux-gnu/libstdc++.so.6.0.16
7fdf1d283000-7fdf1d285000 rw-p 000f0000 07:00 399533                     /usr/lib/x86_64-linux-gnu/libstdc++.so.6.0.16
7fdf1d285000-7fdf1d29a000 rw-p 00000000 00:00 0 
7fdf1d29a000-7fdf1db9d000 r-xp 00000000 07:00 937737                     /usr/lib/jvm/java-6-openjdk/jre/lib/amd64/server/libjvm.so
7fdf1db9d000-7fdf1dd9c000 ---p 00903000 07:00 937737                     /usr/lib/jvm/java-6-openjdk/jre/lib/amd64/server/libjvm.so
7fdf1dd9c000-7fdf1de1d000 r--p 00902000 07:00 937737                     /usr/lib/jvm/java-6-openjdk/jre/lib/amd64/server/libjvm.so
7fdf1de1d000-7fdf1de38000 rw-p 00983000 07:00 937737                     /usr/lib/jvm/java-6-openjdk/jre/lib/amd64/server/libjvm.so
7fdf1de38000-7fdf1de61000 rw-p 00000000 00:00 0 
7fdf1de61000-7fdf1de78000 r-xp 00000000 07:00 265788                     /lib/x86_64-linux-gnu/libz.so.1.2.3.4
7fdf1de78000-7fdf1e077000 ---p 00017000 07:00 265788                     /lib/x86_64-linux-gnu/libz.so.1.2.3.4
7fdf1e077000-7fdf1e078000 r--p 00016000 07:00 265788                     /lib/x86_64-linux-gnu/libz.so.1.2.3.4
7fdf1e078000-7fdf1e079000 rw-p 00017000 07:00 265788                     /lib/x86_64-linux-gnu/libz.so.1.2.3.4
7fdf1e079000-7fdf1e210000 r-xp 00000000 07:00 261766                     /lib/x86_64-linux-gnu/libc-2.13.so
7fdf1e210000-7fdf1e40f000 ---p 00197000 07:00 261766                     /lib/x86_64-linux-gnu/libc-2.13.so
7fdf1e40f000-7fdf1e413000 r--p 00196000 07:00 261766                     /lib/x86_64-linux-gnu/libc-2.13.so
7fdf1e413000-7fdf1e414000 rw-p 0019a000 07:00 261766                     /lib/x86_64-linux-gnu/libc-2.13.so
7fdf1e414000-7fdf1e41a000 rw-p 00000000 00:00 0 
7fdf1e41a000-7fdf1e41c000 r-xp 00000000 07:00 261769                     /lib/x86_64-linux-gnu/libdl-2.13.so
7fdf1e41c000-7fdf1e61c000 ---p 00002000 07:00 261769                     /lib/x86_64-linux-gnu/libdl-2.13.so
7fdf1e61c000-7fdf1e61d000 r--p 00002000 07:00 261769                     /lib/x86_64-linux-gnu/libdl-2.13.so
7fdf1e61d000-7fdf1e61e000 rw-p 00003000 07:00 261769                     /lib/x86_64-linux-gnu/libdl-2.13.so
7fdf1e61e000-7fdf1e622000 r-xp 00000000 07:00 931740                     /usr/lib/jvm/java-6-openjdk/jre/lib/amd64/jli/libjli.so
7fdf1e622000-7fdf1e821000 ---p 00004000 07:00 931740                     /usr/lib/jvm/java-6-openjdk/jre/lib/amd64/jli/libjli.so
7fdf1e821000-7fdf1e822000 r--p 00003000 07:00 931740                     /usr/lib/jvm/java-6-openjdk/jre/lib/amd64/jli/libjli.so
7fdf1e822000-7fdf1e823000 rw-p 00004000 07:00 931740                     /usr/lib/jvm/java-6-openjdk/jre/lib/amd64/jli/libjli.so
7fdf1e823000-7fdf1e83b000 r-xp 00000000 07:00 266040                     /lib/x86_64-linux-gnu/libpthread-2.13.so
7fdf1e83b000-7fdf1ea3a000 ---p 00018000 07:00 266040                     /lib/x86_64-linux-gnu/libpthread-2.13.so
7fdf1ea3a000-7fdf1ea3b000 r--p 00017000 07:00 266040                     /lib/x86_64-linux-gnu/libpthread-2.13.so
7fdf1ea3b000-7fdf1ea3c000 rw-p 00018000 07:00 266040                     /lib/x86_64-linux-gnu/libpthread-2.13.so
7fdf1ea3c000-7fdf1ea40000 rw-p 00000000 00:00 0 
7fdf1ea40000-7fdf1ea61000 r-xp 00000000 07:00 261763                     /lib/x86_64-linux-gnu/ld-2.13.so
7fdf1ea61000-7fdf1ea65000 r--s 00000000 07:00 419101                     /var/cache/fontconfig/7ef2298fde41cc6eeb7af42e48b7d293-le64.cache-3
7fdf1ea65000-7fdf1ea6d000 r--s 00000000 07:00 418612                     /var/cache/fontconfig/b83386915dae36184c7e3985fd26e4b1-le64.cache-3
7fdf1ea6d000-7fdf1ea81000 r--s 00000000 07:00 409695                     /var/cache/fontconfig/865f88548240fee46819705c6468c165-le64.cache-3
7fdf1ea81000-7fdf1ea8b000 rw-p 00000000 00:00 0 
7fdf1ea8b000-7fdf1eb41000 rw-p 00000000 00:00 0 
7fdf1eb41000-7fdf1eb44000 ---p 00000000 00:00 0 
7fdf1eb44000-7fdf1ec47000 rw-p 00000000 00:00 0 
7fdf1ec47000-7fdf1ec48000 r--p 00000000 00:00 0 
7fdf1ec48000-7fdf1ec49000 r--s 00000000 07:00 414817                     /home/alex/.fontconfig/17af7a9117a6a1cf445b282cc3e7f468-le64.cache-3
7fdf1ec49000-7fdf1ec4a000 r--s 00000000 07:00 414817                     /home/alex/.fontconfig/17af7a9117a6a1cf445b282cc3e7f468-le64.cache-3
7fdf1ec4a000-7fdf1ec4c000 r--s 0000f000 07:00 916857                     /usr/lib/jvm/java-6-openjdk/jre/lib/ext/pulse-java.jar
7fdf1ec4c000-7fdf1ec54000 r--s 00066000 07:00 788243                     /usr/share/java/gnome-java-bridge.jar
7fdf1ec54000-7fdf1ec5c000 rw-s 00000000 07:00 280838                     /tmp/hsperfdata_alex/7302
7fdf1ec5c000-7fdf1ec5d000 rw-p 00000000 00:00 0 
7fdf1ec5d000-7fdf1ec5e000 r--p 00000000 00:00 0 
7fdf1ec5e000-7fdf1ec60000 rw-p 00000000 00:00 0 
7fdf1ec60000-7fdf1ec61000 r--p 00020000 07:00 261763                     /lib/x86_64-linux-gnu/ld-2.13.so
7fdf1ec61000-7fdf1ec63000 rw-p 00021000 07:00 261763                     /lib/x86_64-linux-gnu/ld-2.13.so
7fff2a1de000-7fff2a1ff000 rw-p 00000000 00:00 0                          [stack]
7fff2a1ff000-7fff2a200000 r-xp 00000000 00:00 0                          [vdso]
ffffffffff600000-ffffffffff601000 r-xp 00000000 00:00 0                  [vsyscall]

VM Arguments:
jvm_args: -agentlib:jdwp=transport=dt_socket,suspend=y,address=localhost:48203 -Dfile.encoding=UTF-8 
java_command: gM.GammaGUI
Launcher Type: SUN_STANDARD

Environment Variables:
PATH=/usr/lib/lightdm/lightdm:/usr/local/sbin:/usr/local/bin:/usr/sbin:/usr/bin:/sbin:/bin:/usr/games
USERNAME=alex
LD_LIBRARY_PATH=/usr/lib/jvm/java-6-openjdk/jre/lib/amd64/server:/usr/lib/jvm/java-6-openjdk/jre/lib/amd64:/usr/lib/jvm/java-6-openjdk/jre/../lib/amd64
SHELL=/bin/bash
DISPLAY=:0

Signal Handlers:
SIGSEGV: [libjvm.so+0x783e60], sa_mask[0]=0x7ffbfeff, sa_flags=0x10000004
SIGBUS: [libjvm.so+0x783e60], sa_mask[0]=0x7ffbfeff, sa_flags=0x10000004
SIGFPE: [libjvm.so+0x6485c0], sa_mask[0]=0x7ffbfeff, sa_flags=0x10000004
SIGPIPE: [libjvm.so+0x6485c0], sa_mask[0]=0x7ffbfeff, sa_flags=0x10000004
SIGXFSZ: [libjvm.so+0x6485c0], sa_mask[0]=0x7ffbfeff, sa_flags=0x10000004
SIGILL: [libjvm.so+0x6485c0], sa_mask[0]=0x7ffbfeff, sa_flags=0x10000004
SIGUSR1: SIG_DFL, sa_mask[0]=0x00000000, sa_flags=0x00000000
SIGUSR2: [libjvm.so+0x648770], sa_mask[0]=0x00000004, sa_flags=0x10000004
SIGHUP: [libjvm.so+0x64b280], sa_mask[0]=0x7ffbfeff, sa_flags=0x10000004
SIGINT: [libjvm.so+0x64b280], sa_mask[0]=0x7ffbfeff, sa_flags=0x10000004
SIGTERM: [libjvm.so+0x64b280], sa_mask[0]=0x7ffbfeff, sa_flags=0x10000004
SIGQUIT: [libjvm.so+0x64b280], sa_mask[0]=0x7ffbfeff, sa_flags=0x10000004


---------------  S Y S T E M  ---------------

OS:Ubuntu 11.10 (oneiric)
uname:Linux 3.0.0-16-generic #29-Ubuntu SMP Tue Feb 14 12:48:51 UTC 2012 x86_64
libc:glibc 2.13 NPTL 2.13 
rlimit: STACK 8192k, CORE 0k, NPROC 47556, NOFILE 4096, AS infinity
load average:0.15 0.07 0.06

/proc/meminfo:
MemTotal:        6105088 kB
MemFree:          196056 kB
Buffers:         2045944 kB
Cached:          2462976 kB
SwapCached:            0 kB
Active:          1618296 kB
Inactive:        3916068 kB
Active(anon):    1026608 kB
Inactive(anon):     2328 kB
Active(file):     591688 kB
Inactive(file):  3913740 kB
Unevictable:           0 kB
Mlocked:               0 kB
SwapTotal:       6291452 kB
SwapFree:        6291452 kB
Dirty:                76 kB
Writeback:             0 kB
AnonPages:       1025876 kB
Mapped:           160532 kB
Shmem:              3084 kB
Slab:             204104 kB
SReclaimable:     154580 kB
SUnreclaim:        49524 kB
KernelStack:        3648 kB
PageTables:        24476 kB
NFS_Unstable:          0 kB
Bounce:                0 kB
WritebackTmp:          0 kB
CommitLimit:     9343996 kB
Committed_AS:    2842968 kB
VmallocTotal:   34359738367 kB
VmallocUsed:      145776 kB
VmallocChunk:   34359577084 kB
HardwareCorrupted:     0 kB
AnonHugePages:         0 kB
HugePages_Total:       0
HugePages_Free:        0
HugePages_Rsvd:        0
HugePages_Surp:        0
Hugepagesize:       2048 kB
DirectMap4k:      317428 kB
DirectMap2M:     5957632 kB


CPU:total 8 (4 cores per cpu, 2 threads per core) family 6 model 42 stepping 7, cmov, cx8, fxsr, mmx, sse, sse2, sse3, ssse3, sse4.1, sse4.2, popcnt, ht

Memory: 4k page, physical 6105088k(196056k free), swap 6291452k(6291452k free)

vm_info: OpenJDK 64-Bit Server VM (20.0-b11) for linux-amd64 JRE (1.6.0_23-b23), built on Feb 23 2012 05:39:46 by "buildd" with gcc 4.6.1

time: Thu Mar 29 19:15:19 2012
elapsed time: 184 seconds

